<?xml version="1.0" encoding="UTF-8"?>
<!-- Generated by org.testng.reporters.JUnitXMLReporter -->
<testsuite ignored="0" hostname="HP" failures="1" tests="1" name="Test" time="8.338" errors="0" timestamp="2026-01-20T20:36:21 IST">
  <testcase classname="testscript.AdminuserSearchTest" name="enterUsenameAndPassword" time="1.681">
    <failure type="java.lang.NullPointerException" message="Cannot invoke &amp;quot;pages.AdminuserSearch.enterSearch()&amp;quot; because &amp;quot;this.admin&amp;quot; is null">
      <![CDATA[java.lang.NullPointerException: Cannot invoke "pages.AdminuserSearch.enterSearch()" because "this.admin" is null
at testscript.AdminuserSearchTest.enterUsenameAndPassword(AdminuserSearchTest.java:18)
at java.base/java.util.ArrayList.forEach(ArrayList.java:1596)
... Removed 25 stack frames]]>
    </failure>
  </testcase> <!-- enterUsenameAndPassword -->
</testsuite> <!-- Test -->
