<?xml version="1.0" encoding="UTF-8"?>
<!-- Generated by org.testng.reporters.JUnitXMLReporter -->
<testsuite ignored="2" hostname="HP" failures="0" tests="2" name="grouping" time="16.384" errors="0" timestamp="2026-01-20T11:22:02 IST">
  <testcase classname="testscript.LoginpageTest" name="enterCorrectUsernameAndPassword" time="4.221"/>
  <testcase classname="testscript.LoginpageTest" name="wrongUsernameAndCorrectPassword" time="0.895"/>
  <testcase classname="testscript.LoginpageTest" name="wrongUsernameAndWrongPassword" time="0.0">
    <ignored/>
  </testcase> <!-- wrongUsernameAndWrongPassword -->
  <testcase classname="testscript.LoginpageTest" name="enterCorrectUsernameAndWrongPassword" time="0.0">
    <ignored/>
  </testcase> <!-- enterCorrectUsernameAndWrongPassword -->
</testsuite> <!-- grouping -->
