<?xml version="1.0" encoding="UTF-8"?>
<!-- Generated by org.testng.reporters.JUnitReportReporter -->
<testsuite hostname="HP" failures="0" tests="2" name="testscript.LoginpageTest" time="16.275" errors="0" timestamp="2026-01-20T11:22:03 IST" skipped="0">
  <testcase classname="testscript.LoginpageTest" name="wrongUsernameAndCorrectPassword" time="7.509"/>
  <testcase classname="testscript.LoginpageTest" name="enterCorrectUsernameAndPassword" time="8.766"/>
</testsuite> <!-- testscript.LoginpageTest -->
